<?xml version="1.0" encoding="UTF-8"?>
<!-- Generated by org.testng.reporters.JUnitXMLReporter -->
<testsuite ignored="0" hostname="CPU-0058" failures="1" tests="24" name="Different testing Features Test" time="51.067" errors="0" timestamp="2022-05-12T22:42:31 GMT-08:00">
  <testcase classname="com.test.ExceptionTimeOutTest" name="test1" time="0.024"/>
  <testcase classname="com.test.GoogleTest" name="GoogleTitleTest" time="0.011"/>
  <testcase classname="com.test.GoogleTest" name="GoogleLogoTest" time="0.146"/>
  <testcase classname="com.test.GoogleTest" name="MailLinkTest" time="0.069"/>
  <testcase classname="com.test.GoogleTest" name="Test1" time="0.002"/>
  <testcase classname="com.test.GoogleTest" name="Test2" time="0.002"/>
  <testcase classname="com.test.GoogleTest" name="Test3" time="0.002"/>
  <testcase classname="com.test.GoogleTitleTest" name="GoogleLogoTest" time="0.092"/>
  <testcase classname="com.test.GoogleTitleTest" name="GoogleTitleTest" time="0.018"/>
  <testcase classname="com.test.InvocationCountTest" name="sum" time="0.002"/>
  <testcase classname="com.test.InvocationCountTest" name="sum" time="0.002"/>
  <testcase classname="com.test.InvocationCountTest" name="sum" time="0.002"/>
  <testcase classname="com.test.InvocationCountTest" name="sum" time="0.006"/>
  <testcase classname="com.test.InvocationCountTest" name="sum" time="0.002"/>
  <testcase classname="com.test.InvocationCountTest" name="sum" time="0.003"/>
  <testcase classname="com.test.InvocationCountTest" name="sum" time="0.004"/>
  <testcase classname="com.test.InvocationCountTest" name="sum" time="0.001"/>
  <testcase classname="com.test.InvocationCountTest" name="sum" time="0.001"/>
  <testcase classname="com.test.InvocationCountTest" name="sum" time="0.001"/>
  <testcase classname="com.test.testngbasic" name="googleSearchTest" time="0.004"/>
  <testcase classname="com.test.testngbasic" name="googleTitleTest" time="0.001"/>
  <testcase classname="com.test.TestNgFeatures" name="SearchPageTest" time="0.002"/>
  <testcase classname="com.test.TestNgFeatures" name="loginTest" time="0.001">
    <failure type="java.lang.ArithmeticException" message="/ by zero">
      <![CDATA[java.lang.ArithmeticException: / by zero
at com.test.TestNgFeatures.loginTest(TestNgFeatures.java:10)
at java.base/java.util.ArrayList.forEach(ArrayList.java:1511)
... Removed 27 stack frames]]>
    </failure>
  </testcase> <!-- loginTest -->
  <testcase classname="com.test.TestNgFeatures" name="HomePageTest" time="0.0">
    <skipped/>
  </testcase> <!-- HomePageTest -->
</testsuite> <!-- Different testing Features Test -->
