<?xml version="1.0" encoding="UTF-8"?>
<testng-results ignored="0" total="24" passed="22" failed="1" skipped="1">
  <reporter-output>
  </reporter-output>
  <suite started-at="2022-05-12T22:41:40 GMT-08:00" name="TestNG Session Test Automation Suite" finished-at="2022-05-12T22:42:31 GMT-08:00" duration-ms="51067">
    <groups>
      <group name="Test">
        <method signature="GoogleTest.Test1()[pri:4, instance:com.test.GoogleTest@d86a6f]" name="Test1" class="com.test.GoogleTest"/>
        <method signature="GoogleTest.Test2()[pri:4, instance:com.test.GoogleTest@d86a6f]" name="Test2" class="com.test.GoogleTest"/>
        <method signature="GoogleTest.Test3()[pri:4, instance:com.test.GoogleTest@d86a6f]" name="Test3" class="com.test.GoogleTest"/>
      </group> <!-- Test -->
      <group name="Title">
        <method signature="GoogleTest.GoogleTitleTest()[pri:1, instance:com.test.GoogleTest@d86a6f]" name="GoogleTitleTest" class="com.test.GoogleTest"/>
        <method signature="GoogleTitleTest.GoogleTitleTest()[pri:1, instance:com.test.GoogleTitleTest@17f62e33]" name="GoogleTitleTest" class="com.test.GoogleTitleTest"/>
      </group> <!-- Title -->
      <group name="Link">
        <method signature="GoogleTest.MailLinkTest()[pri:3, instance:com.test.GoogleTest@d86a6f]" name="MailLinkTest" class="com.test.GoogleTest"/>
      </group> <!-- Link -->
      <group name="Logo">
        <method signature="GoogleTest.GoogleLogoTest()[pri:2, instance:com.test.GoogleTest@d86a6f]" name="GoogleLogoTest" class="com.test.GoogleTest"/>
      </group> <!-- Logo -->
    </groups>
    <test started-at="2022-05-12T22:41:40 GMT-08:00" name="Different testing Features Test" finished-at="2022-05-12T22:42:31 GMT-08:00" duration-ms="51067">
      <class name="com.test.GoogleTest">
        <test-method is-config="true" signature="setUp()[pri:0, instance:com.test.GoogleTest@d86a6f]" started-at="2022-05-12T22:41:40 GMT-08:00" name="setUp" finished-at="2022-05-12T22:41:50 GMT-08:00" duration-ms="9635" status="PASS">
          <reporter-output>
          </reporter-output>
        </test-method> <!-- setUp -->
        <test-method signature="GoogleTitleTest()[pri:1, instance:com.test.GoogleTest@d86a6f]" started-at="2022-05-12T22:41:50 GMT-08:00" name="GoogleTitleTest" finished-at="2022-05-12T22:41:50 GMT-08:00" duration-ms="11" status="PASS">
          <reporter-output>
          </reporter-output>
        </test-method> <!-- GoogleTitleTest -->
        <test-method is-config="true" signature="closeBrowser()[pri:0, instance:com.test.GoogleTest@d86a6f]" started-at="2022-05-12T22:41:50 GMT-08:00" name="closeBrowser" finished-at="2022-05-12T22:41:50 GMT-08:00" duration-ms="496" status="PASS">
          <reporter-output>
          </reporter-output>
        </test-method> <!-- closeBrowser -->
        <test-method is-config="true" signature="setUp()[pri:0, instance:com.test.GoogleTest@d86a6f]" started-at="2022-05-12T22:41:50 GMT-08:00" name="setUp" finished-at="2022-05-12T22:41:56 GMT-08:00" duration-ms="6141" status="PASS">
          <reporter-output>
          </reporter-output>
        </test-method> <!-- setUp -->
        <test-method signature="GoogleLogoTest()[pri:2, instance:com.test.GoogleTest@d86a6f]" started-at="2022-05-12T22:41:56 GMT-08:00" name="GoogleLogoTest" finished-at="2022-05-12T22:41:57 GMT-08:00" duration-ms="146" status="PASS">
          <reporter-output>
          </reporter-output>
        </test-method> <!-- GoogleLogoTest -->
        <test-method is-config="true" signature="closeBrowser()[pri:0, instance:com.test.GoogleTest@d86a6f]" started-at="2022-05-12T22:41:57 GMT-08:00" name="closeBrowser" finished-at="2022-05-12T22:41:57 GMT-08:00" duration-ms="636" status="PASS">
          <reporter-output>
          </reporter-output>
        </test-method> <!-- closeBrowser -->
        <test-method is-config="true" signature="setUp()[pri:0, instance:com.test.GoogleTest@d86a6f]" started-at="2022-05-12T22:41:57 GMT-08:00" name="setUp" finished-at="2022-05-12T22:42:02 GMT-08:00" duration-ms="4978" status="PASS">
          <reporter-output>
          </reporter-output>
        </test-method> <!-- setUp -->
        <test-method signature="MailLinkTest()[pri:3, instance:com.test.GoogleTest@d86a6f]" started-at="2022-05-12T22:42:02 GMT-08:00" name="MailLinkTest" finished-at="2022-05-12T22:42:02 GMT-08:00" duration-ms="69" status="PASS">
          <reporter-output>
          </reporter-output>
        </test-method> <!-- MailLinkTest -->
        <test-method is-config="true" signature="closeBrowser()[pri:0, instance:com.test.GoogleTest@d86a6f]" started-at="2022-05-12T22:42:02 GMT-08:00" name="closeBrowser" finished-at="2022-05-12T22:42:03 GMT-08:00" duration-ms="365" status="PASS">
          <reporter-output>
          </reporter-output>
        </test-method> <!-- closeBrowser -->
        <test-method is-config="true" signature="setUp()[pri:0, instance:com.test.GoogleTest@d86a6f]" started-at="2022-05-12T22:42:03 GMT-08:00" name="setUp" finished-at="2022-05-12T22:42:08 GMT-08:00" duration-ms="4960" status="PASS">
          <reporter-output>
          </reporter-output>
        </test-method> <!-- setUp -->
        <test-method signature="Test1()[pri:4, instance:com.test.GoogleTest@d86a6f]" started-at="2022-05-12T22:42:08 GMT-08:00" name="Test1" finished-at="2022-05-12T22:42:08 GMT-08:00" duration-ms="2" status="PASS">
          <reporter-output>
          </reporter-output>
        </test-method> <!-- Test1 -->
        <test-method is-config="true" signature="closeBrowser()[pri:0, instance:com.test.GoogleTest@d86a6f]" started-at="2022-05-12T22:42:08 GMT-08:00" name="closeBrowser" finished-at="2022-05-12T22:42:08 GMT-08:00" duration-ms="398" status="PASS">
          <reporter-output>
          </reporter-output>
        </test-method> <!-- closeBrowser -->
        <test-method is-config="true" signature="setUp()[pri:0, instance:com.test.GoogleTest@d86a6f]" started-at="2022-05-12T22:42:08 GMT-08:00" name="setUp" finished-at="2022-05-12T22:42:13 GMT-08:00" duration-ms="4922" status="PASS">
          <reporter-output>
          </reporter-output>
        </test-method> <!-- setUp -->
        <test-method signature="Test2()[pri:4, instance:com.test.GoogleTest@d86a6f]" started-at="2022-05-12T22:42:13 GMT-08:00" name="Test2" finished-at="2022-05-12T22:42:13 GMT-08:00" duration-ms="2" status="PASS">
          <reporter-output>
          </reporter-output>
        </test-method> <!-- Test2 -->
        <test-method is-config="true" signature="closeBrowser()[pri:0, instance:com.test.GoogleTest@d86a6f]" started-at="2022-05-12T22:42:13 GMT-08:00" name="closeBrowser" finished-at="2022-05-12T22:42:13 GMT-08:00" duration-ms="246" status="PASS">
          <reporter-output>
          </reporter-output>
        </test-method> <!-- closeBrowser -->
        <test-method is-config="true" signature="setUp()[pri:0, instance:com.test.GoogleTest@d86a6f]" started-at="2022-05-12T22:42:13 GMT-08:00" name="setUp" finished-at="2022-05-12T22:42:19 GMT-08:00" duration-ms="5416" status="PASS">
          <reporter-output>
          </reporter-output>
        </test-method> <!-- setUp -->
        <test-method signature="Test3()[pri:4, instance:com.test.GoogleTest@d86a6f]" started-at="2022-05-12T22:42:19 GMT-08:00" name="Test3" finished-at="2022-05-12T22:42:19 GMT-08:00" duration-ms="2" status="PASS">
          <reporter-output>
          </reporter-output>
        </test-method> <!-- Test3 -->
        <test-method is-config="true" signature="closeBrowser()[pri:0, instance:com.test.GoogleTest@d86a6f]" started-at="2022-05-12T22:42:19 GMT-08:00" name="closeBrowser" finished-at="2022-05-12T22:42:19 GMT-08:00" duration-ms="333" status="PASS">
          <reporter-output>
          </reporter-output>
        </test-method> <!-- closeBrowser -->
      </class> <!-- com.test.GoogleTest -->
      <class name="com.test.testngbasic">
        <test-method is-config="true" signature="setUp()[pri:0, instance:com.test.testngbasic@7ef82753]" started-at="2022-05-12T22:41:40 GMT-08:00" name="setUp" finished-at="2022-05-12T22:41:40 GMT-08:00" duration-ms="16" status="PASS">
          <reporter-output>
          </reporter-output>
        </test-method> <!-- setUp -->
        <test-method is-config="true" signature="launchBrowser()[pri:0, instance:com.test.testngbasic@7ef82753]" started-at="2022-05-12T22:41:40 GMT-08:00" name="launchBrowser" finished-at="2022-05-12T22:41:40 GMT-08:00" duration-ms="4" status="PASS">
          <reporter-output>
          </reporter-output>
        </test-method> <!-- launchBrowser -->
        <test-method is-config="true" signature="login()[pri:0, instance:com.test.testngbasic@7ef82753]" started-at="2022-05-12T22:42:31 GMT-08:00" name="login" finished-at="2022-05-12T22:42:31 GMT-08:00" duration-ms="1" status="PASS">
          <reporter-output>
          </reporter-output>
        </test-method> <!-- login -->
        <test-method signature="googleSearchTest()[pri:0, instance:com.test.testngbasic@7ef82753]" started-at="2022-05-12T22:42:31 GMT-08:00" name="googleSearchTest" finished-at="2022-05-12T22:42:31 GMT-08:00" duration-ms="4" status="PASS">
          <reporter-output>
          </reporter-output>
        </test-method> <!-- googleSearchTest -->
        <test-method is-config="true" signature="enterURL()[pri:0, instance:com.test.testngbasic@7ef82753]" started-at="2022-05-12T22:42:31 GMT-08:00" name="enterURL" finished-at="2022-05-12T22:42:31 GMT-08:00" duration-ms="0" status="PASS">
          <reporter-output>
          </reporter-output>
        </test-method> <!-- enterURL -->
        <test-method is-config="true" signature="logout()[pri:0, instance:com.test.testngbasic@7ef82753]" started-at="2022-05-12T22:42:31 GMT-08:00" name="logout" finished-at="2022-05-12T22:42:31 GMT-08:00" duration-ms="0" status="PASS">
          <reporter-output>
          </reporter-output>
        </test-method> <!-- logout -->
        <test-method signature="googleTitleTest()[pri:0, instance:com.test.testngbasic@7ef82753]" started-at="2022-05-12T22:42:31 GMT-08:00" name="googleTitleTest" finished-at="2022-05-12T22:42:31 GMT-08:00" duration-ms="1" status="PASS">
          <reporter-output>
          </reporter-output>
        </test-method> <!-- googleTitleTest -->
        <test-method is-config="true" signature="enterURL()[pri:0, instance:com.test.testngbasic@7ef82753]" started-at="2022-05-12T22:42:31 GMT-08:00" name="enterURL" finished-at="2022-05-12T22:42:31 GMT-08:00" duration-ms="0" status="PASS">
          <reporter-output>
          </reporter-output>
        </test-method> <!-- enterURL -->
        <test-method is-config="true" signature="logout()[pri:0, instance:com.test.testngbasic@7ef82753]" started-at="2022-05-12T22:42:31 GMT-08:00" name="logout" finished-at="2022-05-12T22:42:31 GMT-08:00" duration-ms="0" status="PASS">
          <reporter-output>
          </reporter-output>
        </test-method> <!-- logout -->
        <test-method is-config="true" signature="closeBrowser()[pri:0, instance:com.test.testngbasic@7ef82753]" started-at="2022-05-12T22:42:31 GMT-08:00" name="closeBrowser" finished-at="2022-05-12T22:42:31 GMT-08:00" duration-ms="0" status="PASS">
          <reporter-output>
          </reporter-output>
        </test-method> <!-- closeBrowser -->
        <test-method is-config="true" signature="deleteAllCookies()[pri:0, instance:com.test.testngbasic@7ef82753]" started-at="2022-05-12T22:42:31 GMT-08:00" name="deleteAllCookies" finished-at="2022-05-12T22:42:31 GMT-08:00" duration-ms="1" status="PASS">
          <reporter-output>
          </reporter-output>
        </test-method> <!-- deleteAllCookies -->
        <test-method is-config="true" signature="generateAllReport()[pri:0, instance:com.test.testngbasic@7ef82753]" started-at="2022-05-12T22:42:31 GMT-08:00" name="generateAllReport" finished-at="2022-05-12T22:42:31 GMT-08:00" duration-ms="2" status="PASS">
          <reporter-output>
          </reporter-output>
        </test-method> <!-- generateAllReport -->
      </class> <!-- com.test.testngbasic -->
      <class name="com.test.GoogleTitleTest">
        <test-method is-config="true" signature="setUp()[pri:0, instance:com.test.GoogleTitleTest@17f62e33]" started-at="2022-05-12T22:42:19 GMT-08:00" name="setUp" finished-at="2022-05-12T22:42:26 GMT-08:00" duration-ms="6593" status="PASS">
          <reporter-output>
          </reporter-output>
        </test-method> <!-- setUp -->
        <test-method signature="GoogleLogoTest()[pri:0, instance:com.test.GoogleTitleTest@17f62e33]" started-at="2022-05-12T22:42:26 GMT-08:00" name="GoogleLogoTest" finished-at="2022-05-12T22:42:26 GMT-08:00" duration-ms="92" status="PASS">
          <reporter-output>
          </reporter-output>
        </test-method> <!-- GoogleLogoTest -->
        <test-method is-config="true" signature="closeBrowser()[pri:0, instance:com.test.GoogleTitleTest@17f62e33]" started-at="2022-05-12T22:42:26 GMT-08:00" name="closeBrowser" finished-at="2022-05-12T22:42:26 GMT-08:00" duration-ms="263" status="PASS">
          <reporter-output>
          </reporter-output>
        </test-method> <!-- closeBrowser -->
        <test-method is-config="true" signature="setUp()[pri:0, instance:com.test.GoogleTitleTest@17f62e33]" started-at="2022-05-12T22:42:26 GMT-08:00" name="setUp" finished-at="2022-05-12T22:42:31 GMT-08:00" duration-ms="4613" status="PASS">
          <reporter-output>
          </reporter-output>
        </test-method> <!-- setUp -->
        <test-method signature="GoogleTitleTest()[pri:1, instance:com.test.GoogleTitleTest@17f62e33]" started-at="2022-05-12T22:42:31 GMT-08:00" name="GoogleTitleTest" finished-at="2022-05-12T22:42:31 GMT-08:00" duration-ms="18" status="PASS">
          <reporter-output>
          </reporter-output>
        </test-method> <!-- GoogleTitleTest -->
        <test-method is-config="true" signature="closeBrowser()[pri:0, instance:com.test.GoogleTitleTest@17f62e33]" started-at="2022-05-12T22:42:31 GMT-08:00" name="closeBrowser" finished-at="2022-05-12T22:42:31 GMT-08:00" duration-ms="477" status="PASS">
          <reporter-output>
          </reporter-output>
        </test-method> <!-- closeBrowser -->
      </class> <!-- com.test.GoogleTitleTest -->
      <class name="com.test.InvocationCountTest">
        <test-method signature="sum()[pri:0, instance:com.test.InvocationCountTest@76b1e9b8]" started-at="2022-05-12T22:42:31 GMT-08:00" name="sum" finished-at="2022-05-12T22:42:31 GMT-08:00" duration-ms="2" status="PASS">
          <reporter-output>
          </reporter-output>
        </test-method> <!-- sum -->
        <test-method signature="sum()[pri:0, instance:com.test.InvocationCountTest@76b1e9b8]" started-at="2022-05-12T22:42:31 GMT-08:00" name="sum" finished-at="2022-05-12T22:42:31 GMT-08:00" duration-ms="2" status="PASS">
          <reporter-output>
          </reporter-output>
        </test-method> <!-- sum -->
        <test-method signature="sum()[pri:0, instance:com.test.InvocationCountTest@76b1e9b8]" started-at="2022-05-12T22:42:31 GMT-08:00" name="sum" finished-at="2022-05-12T22:42:31 GMT-08:00" duration-ms="2" status="PASS">
          <reporter-output>
          </reporter-output>
        </test-method> <!-- sum -->
        <test-method signature="sum()[pri:0, instance:com.test.InvocationCountTest@76b1e9b8]" started-at="2022-05-12T22:42:31 GMT-08:00" name="sum" finished-at="2022-05-12T22:42:31 GMT-08:00" duration-ms="6" status="PASS">
          <reporter-output>
          </reporter-output>
        </test-method> <!-- sum -->
        <test-method signature="sum()[pri:0, instance:com.test.InvocationCountTest@76b1e9b8]" started-at="2022-05-12T22:42:31 GMT-08:00" name="sum" finished-at="2022-05-12T22:42:31 GMT-08:00" duration-ms="2" status="PASS">
          <reporter-output>
          </reporter-output>
        </test-method> <!-- sum -->
        <test-method signature="sum()[pri:0, instance:com.test.InvocationCountTest@76b1e9b8]" started-at="2022-05-12T22:42:31 GMT-08:00" name="sum" finished-at="2022-05-12T22:42:31 GMT-08:00" duration-ms="3" status="PASS">
          <reporter-output>
          </reporter-output>
        </test-method> <!-- sum -->
        <test-method signature="sum()[pri:0, instance:com.test.InvocationCountTest@76b1e9b8]" started-at="2022-05-12T22:42:31 GMT-08:00" name="sum" finished-at="2022-05-12T22:42:31 GMT-08:00" duration-ms="4" status="PASS">
          <reporter-output>
          </reporter-output>
        </test-method> <!-- sum -->
        <test-method signature="sum()[pri:0, instance:com.test.InvocationCountTest@76b1e9b8]" started-at="2022-05-12T22:42:31 GMT-08:00" name="sum" finished-at="2022-05-12T22:42:31 GMT-08:00" duration-ms="1" status="PASS">
          <reporter-output>
          </reporter-output>
        </test-method> <!-- sum -->
        <test-method signature="sum()[pri:0, instance:com.test.InvocationCountTest@76b1e9b8]" started-at="2022-05-12T22:42:31 GMT-08:00" name="sum" finished-at="2022-05-12T22:42:31 GMT-08:00" duration-ms="1" status="PASS">
          <reporter-output>
          </reporter-output>
        </test-method> <!-- sum -->
        <test-method signature="sum()[pri:0, instance:com.test.InvocationCountTest@76b1e9b8]" started-at="2022-05-12T22:42:31 GMT-08:00" name="sum" finished-at="2022-05-12T22:42:31 GMT-08:00" duration-ms="1" status="PASS">
          <reporter-output>
          </reporter-output>
        </test-method> <!-- sum -->
      </class> <!-- com.test.InvocationCountTest -->
      <class name="com.test.TestNgFeatures">
        <test-method signature="SearchPageTest()[pri:0, instance:com.test.TestNgFeatures@235ecd9f]" started-at="2022-05-12T22:42:31 GMT-08:00" name="SearchPageTest" finished-at="2022-05-12T22:42:31 GMT-08:00" duration-ms="2" status="PASS">
          <reporter-output>
          </reporter-output>
        </test-method> <!-- SearchPageTest -->
        <test-method signature="loginTest()[pri:0, instance:com.test.TestNgFeatures@235ecd9f]" started-at="2022-05-12T22:42:31 GMT-08:00" name="loginTest" finished-at="2022-05-12T22:42:31 GMT-08:00" duration-ms="1" status="FAIL">
          <exception class="java.lang.ArithmeticException">
            <message>
              <![CDATA[/ by zero]]>
            </message>
            <full-stacktrace>
              <![CDATA[java.lang.ArithmeticException: / by zero
at com.test.TestNgFeatures.loginTest(TestNgFeatures.java:10)
at java.base/jdk.internal.reflect.NativeMethodAccessorImpl.invoke0(Native Method)
at java.base/jdk.internal.reflect.NativeMethodAccessorImpl.invoke(NativeMethodAccessorImpl.java:77)
at java.base/jdk.internal.reflect.DelegatingMethodAccessorImpl.invoke(DelegatingMethodAccessorImpl.java:43)
at java.base/java.lang.reflect.Method.invoke(Method.java:568)
at org.testng.internal.MethodInvocationHelper.invokeMethod(MethodInvocationHelper.java:133)
at org.testng.internal.TestInvoker.invokeMethod(TestInvoker.java:598)
at org.testng.internal.TestInvoker.invokeTestMethod(TestInvoker.java:173)
at org.testng.internal.MethodRunner.runInSequence(MethodRunner.java:46)
at org.testng.internal.TestInvoker$MethodInvocationAgent.invoke(TestInvoker.java:824)
at org.testng.internal.TestInvoker.invokeTestMethods(TestInvoker.java:146)
at org.testng.internal.TestMethodWorker.invokeTestMethods(TestMethodWorker.java:146)
at org.testng.internal.TestMethodWorker.run(TestMethodWorker.java:128)
at java.base/java.util.ArrayList.forEach(ArrayList.java:1511)
at org.testng.TestRunner.privateRun(TestRunner.java:794)
at org.testng.TestRunner.run(TestRunner.java:596)
at org.testng.SuiteRunner.runTest(SuiteRunner.java:377)
at org.testng.SuiteRunner.runSequentially(SuiteRunner.java:371)
at org.testng.SuiteRunner.privateRun(SuiteRunner.java:332)
at org.testng.SuiteRunner.run(SuiteRunner.java:276)
at org.testng.SuiteRunnerWorker.runSuite(SuiteRunnerWorker.java:53)
at org.testng.SuiteRunnerWorker.run(SuiteRunnerWorker.java:96)
at org.testng.TestNG.runSuitesSequentially(TestNG.java:1212)
at org.testng.TestNG.runSuitesLocally(TestNG.java:1134)
at org.testng.TestNG.runSuites(TestNG.java:1063)
at org.testng.TestNG.run(TestNG.java:1031)
at org.testng.remote.AbstractRemoteTestNG.run(AbstractRemoteTestNG.java:115)
at org.testng.remote.RemoteTestNG.initAndRun(RemoteTestNG.java:251)
at org.testng.remote.RemoteTestNG.main(RemoteTestNG.java:77)
]]>
            </full-stacktrace>
          </exception> <!-- java.lang.ArithmeticException -->
          <reporter-output>
          </reporter-output>
        </test-method> <!-- loginTest -->
        <test-method signature="HomePageTest()[pri:0, instance:com.test.TestNgFeatures@235ecd9f]" started-at="2022-05-12T22:42:31 GMT-08:00" name="HomePageTest" finished-at="2022-05-12T22:42:31 GMT-08:00" depends-on-methods="com.test.TestNgFeatures.loginTest" duration-ms="0" status="SKIP">
          <exception class="java.lang.Throwable">
            <message>
              <![CDATA[Method TestNgFeatures.HomePageTest()[pri:0, instance:com.test.TestNgFeatures@235ecd9f] depends on not successfully finished methods]]>
            </message>
            <full-stacktrace>
              <![CDATA[java.lang.Throwable: Method TestNgFeatures.HomePageTest()[pri:0, instance:com.test.TestNgFeatures@235ecd9f] depends on not successfully finished methods
at org.testng.internal.TestInvoker.invokeTestMethods(TestInvoker.java:102)
at org.testng.internal.TestMethodWorker.invokeTestMethods(TestMethodWorker.java:146)
at org.testng.internal.TestMethodWorker.run(TestMethodWorker.java:128)
at java.base/java.util.ArrayList.forEach(ArrayList.java:1511)
at org.testng.TestRunner.privateRun(TestRunner.java:794)
at org.testng.TestRunner.run(TestRunner.java:596)
at org.testng.SuiteRunner.runTest(SuiteRunner.java:377)
at org.testng.SuiteRunner.runSequentially(SuiteRunner.java:371)
at org.testng.SuiteRunner.privateRun(SuiteRunner.java:332)
at org.testng.SuiteRunner.run(SuiteRunner.java:276)
at org.testng.SuiteRunnerWorker.runSuite(SuiteRunnerWorker.java:53)
at org.testng.SuiteRunnerWorker.run(SuiteRunnerWorker.java:96)
at org.testng.TestNG.runSuitesSequentially(TestNG.java:1212)
at org.testng.TestNG.runSuitesLocally(TestNG.java:1134)
at org.testng.TestNG.runSuites(TestNG.java:1063)
at org.testng.TestNG.run(TestNG.java:1031)
at org.testng.remote.AbstractRemoteTestNG.run(AbstractRemoteTestNG.java:115)
at org.testng.remote.RemoteTestNG.initAndRun(RemoteTestNG.java:251)
at org.testng.remote.RemoteTestNG.main(RemoteTestNG.java:77)
]]>
            </full-stacktrace>
          </exception> <!-- java.lang.Throwable -->
          <reporter-output>
          </reporter-output>
        </test-method> <!-- HomePageTest -->
      </class> <!-- com.test.TestNgFeatures -->
      <class name="com.test.ExceptionTimeOutTest">
        <test-method signature="test1()[pri:0, instance:com.test.ExceptionTimeOutTest@1e0b4072]" started-at="2022-05-12T22:41:40 GMT-08:00" name="test1" finished-at="2022-05-12T22:41:40 GMT-08:00" duration-ms="24" status="PASS">
          <exception class="java.lang.NumberFormatException">
            <message>
              <![CDATA[For input string: "100A"]]>
            </message>
            <full-stacktrace>
              <![CDATA[java.lang.NumberFormatException: For input string: "100A"
at java.base/java.lang.NumberFormatException.forInputString(NumberFormatException.java:67)
at java.base/java.lang.Integer.parseInt(Integer.java:668)
at java.base/java.lang.Integer.parseInt(Integer.java:786)
at com.test.ExceptionTimeOutTest.test1(ExceptionTimeOutTest.java:19)
at java.base/jdk.internal.reflect.NativeMethodAccessorImpl.invoke0(Native Method)
at java.base/jdk.internal.reflect.NativeMethodAccessorImpl.invoke(NativeMethodAccessorImpl.java:77)
at java.base/jdk.internal.reflect.DelegatingMethodAccessorImpl.invoke(DelegatingMethodAccessorImpl.java:43)
at java.base/java.lang.reflect.Method.invoke(Method.java:568)
at org.testng.internal.MethodInvocationHelper.invokeMethod(MethodInvocationHelper.java:133)
at org.testng.internal.TestInvoker.invokeMethod(TestInvoker.java:598)
at org.testng.internal.TestInvoker.invokeTestMethod(TestInvoker.java:173)
at org.testng.internal.MethodRunner.runInSequence(MethodRunner.java:46)
at org.testng.internal.TestInvoker$MethodInvocationAgent.invoke(TestInvoker.java:824)
at org.testng.internal.TestInvoker.invokeTestMethods(TestInvoker.java:146)
at org.testng.internal.TestMethodWorker.invokeTestMethods(TestMethodWorker.java:146)
at org.testng.internal.TestMethodWorker.run(TestMethodWorker.java:128)
at java.base/java.util.ArrayList.forEach(ArrayList.java:1511)
at org.testng.TestRunner.privateRun(TestRunner.java:794)
at org.testng.TestRunner.run(TestRunner.java:596)
at org.testng.SuiteRunner.runTest(SuiteRunner.java:377)
at org.testng.SuiteRunner.runSequentially(SuiteRunner.java:371)
at org.testng.SuiteRunner.privateRun(SuiteRunner.java:332)
at org.testng.SuiteRunner.run(SuiteRunner.java:276)
at org.testng.SuiteRunnerWorker.runSuite(SuiteRunnerWorker.java:53)
at org.testng.SuiteRunnerWorker.run(SuiteRunnerWorker.java:96)
at org.testng.TestNG.runSuitesSequentially(TestNG.java:1212)
at org.testng.TestNG.runSuitesLocally(TestNG.java:1134)
at org.testng.TestNG.runSuites(TestNG.java:1063)
at org.testng.TestNG.run(TestNG.java:1031)
at org.testng.remote.AbstractRemoteTestNG.run(AbstractRemoteTestNG.java:115)
at org.testng.remote.RemoteTestNG.initAndRun(RemoteTestNG.java:251)
at org.testng.remote.RemoteTestNG.main(RemoteTestNG.java:77)
]]>
            </full-stacktrace>
          </exception> <!-- java.lang.NumberFormatException -->
          <reporter-output>
          </reporter-output>
        </test-method> <!-- test1 -->
      </class> <!-- com.test.ExceptionTimeOutTest -->
    </test> <!-- Different testing Features Test -->
  </suite> <!-- TestNG Session Test Automation Suite -->
</testng-results>
